<?xml version="1.0" encoding="UTF-8"?>
<testsuite xmlns:xsi="http://www.w3.org/2001/XMLSchema-instance" xsi:noNamespaceSchemaLocation="https://maven.apache.org/surefire/maven-surefire-plugin/xsd/surefire-test-report-3.0.xsd" version="3.0" name="TestSuite" time="31.895" tests="3" errors="0" skipped="0" failures="0">
  <properties>
[...]
</properties>
  <testcase name="runScenario[&quot;Verfiy the title of page&quot;, &quot;Home Page Functionality&quot;](1)" classname="appfeatureStep.AppRunnerClass" time="8.733">
    <system-out><![CDATA[
Scenario: Verfiy the title of page          &amp#27;[90m# src/test/resources/AppFeature/AppFeature.feature:2&amp#27;[0m
  &amp#27;[32mGiven &amp#27;[0m&amp#27;[32mUser is at amazon portal&amp#27;[0m            &amp#27;[90m# appfeatureStep.Homepage_StepDefinition.user_is_at_amazon_portal()&amp#27;[0m
  &amp#27;[32mThen &amp#27;[0m&amp#27;[32mTitle should contains the &amp#27;[0m&amp#27;[32m&amp#27;[1m"Shopping"&amp#27;[0m &amp#27;[90m# appfeatureStep.Homepage_StepDefinition.title_should_contains_the(java.lang.String)&amp#27;[0m

    Embedding Verfiythetitleofpage [snap/png 833569 bytes]

]]></system-out>
    <system-err><![CDATA[SLF4J: Failed to load class "org.slf4j.impl.StaticLoggerBinder".
SLF4J: Defaulting to no-operation (NOP) logger implementation
SLF4J: See http://www.slf4j.org/codes.html#StaticLoggerBinder for further details.
Mar 26, 2024 11:26:19 PM org.openqa.selenium.devtools.CdpVersionFinder findNearestMatch
WARNING: Unable to find an exact match for CDP version 123, returning the closest version; found: 119; Please update to a Selenium version that supports CDP version 123
]]></system-err>
  </testcase>
  <testcase name="runScenario[&quot;Verfiy the cart icon&quot;, &quot;Home Page Functionality&quot;](2)" classname="appfeatureStep.AppRunnerClass" time="7.963">
    <system-out><![CDATA[
Scenario: Verfiy the cart icon              &amp#27;[90m# src/test/resources/AppFeature/AppFeature.feature:6&amp#27;[0m
  &amp#27;[32mGiven &amp#27;[0m&amp#27;[32mUser is at amazon portal&amp#27;[0m            &amp#27;[90m# appfeatureStep.Homepage_StepDefinition.user_is_at_amazon_portal()&amp#27;[0m
  &amp#27;[32mThen &amp#27;[0m&amp#27;[32mUser should be able to see cart icon&amp#27;[0m &amp#27;[90m# appfeatureStep.Homepage_StepDefinition.user_should_be_able_to_see_cart_icon()&amp#27;[0m

    Embedding Verfiythecarticon [snap/png 942185 bytes]

]]></system-out>
    <system-err><![CDATA[Mar 26, 2024 11:26:26 PM org.openqa.selenium.devtools.CdpVersionFinder findNearestMatch
WARNING: Unable to find an exact match for CDP version 123, returning the closest version; found: 119; Please update to a Selenium version that supports CDP version 123
]]></system-err>
  </testcase>
  <testcase name="runScenario[&quot;Verify the sign in page&quot;, &quot;Home Page Functionality&quot;](3)" classname="appfeatureStep.AppRunnerClass" time="11.619">
    <system-out><![CDATA[
Scenario: Verify the sign in page                    &amp#27;[90m# src/test/resources/AppFeature/AppFeature.feature:10&amp#27;[0m
  &amp#27;[32mGiven &amp#27;[0m&amp#27;[32mUser is at amazon portal&amp#27;[0m                     &amp#27;[90m# appfeatureStep.Homepage_StepDefinition.user_is_at_amazon_portal()&amp#27;[0m
  &amp#27;[32mWhen &amp#27;[0m&amp#27;[32muser should click in Sign in button&amp#27;[0m           &amp#27;[90m# appfeatureStep.Homepage_StepDefinition.user_should_click_in_sign_in_button()&amp#27;[0m
  &amp#27;[32mAnd &amp#27;[0m&amp#27;[32mUser should enter the username as &amp#27;[0m&amp#27;[32m&amp#27;[1m"9765434652"&amp#27;[0m &amp#27;[90m# appfeatureStep.Homepage_StepDefinition.user_should_enter_the_username_as(java.lang.String)&amp#27;[0m
  &amp#27;[32mAnd &amp#27;[0m&amp#27;[32mUser should click on continue button of amazon&amp#27;[0m &amp#27;[90m# appfeatureStep.Homepage_StepDefinition.user_should_click_on_continue_button_of_amazon()&amp#27;[0m
  &amp#27;[32mAnd &amp#27;[0m&amp#27;[32mUser should enter the password as &amp#27;[0m&amp#27;[32m&amp#27;[1m"9765434652"&amp#27;[0m &amp#27;[90m# appfeatureStep.Homepage_StepDefinition.user_should_enter_the_password_as(java.lang.String)&amp#27;[0m

    Embedding Verifythesigninpage [snap/png 56854 bytes]

]]></system-out>
    <system-err><![CDATA[Mar 26, 2024 11:26:34 PM org.openqa.selenium.devtools.CdpVersionFinder findNearestMatch
WARNING: Unable to find an exact match for CDP version 123, returning the closest version; found: 119; Please update to a Selenium version that supports CDP version 123
]]></system-err>
  </testcase>
</testsuite>