<?xml version="1.0" encoding="UTF-8"?>
<testng-results ignored="0" total="3" passed="3" failed="0" skipped="0">
  <reporter-output>
  </reporter-output>
  <suite started-at="2024-03-31T15:51:24 IST" name="Suite" finished-at="2024-03-31T15:52:05 IST" duration-ms="40755">
    <groups>
      <group name="cucumber">
        <method signature="AbstractTestNGCucumberTests.runScenario(io.cucumber.testng.PickleWrapper,io.cucumber.testng.FeatureWrapper)[pri:0, instance:appfeatureStep.AppRunnerClass@59309333]" name="runScenario" class="io.cucumber.testng.AbstractTestNGCucumberTests"/>
      </group> <!-- cucumber -->
    </groups>
    <test started-at="2024-03-31T15:51:24 IST" name="Test" finished-at="2024-03-31T15:52:05 IST" duration-ms="40755">
      <class name="appfeatureStep.AppRunnerClass">
        <test-method is-config="true" signature="setUpClass(org.testng.ITestContext)[pri:0, instance:appfeatureStep.AppRunnerClass@59309333]" started-at="2024-03-31T15:51:24 IST" name="setUpClass" finished-at="2024-03-31T15:51:24 IST" duration-ms="507" status="PASS">
          <params>
            <param index="0">
              <value>
                <![CDATA[org.testng.TestRunner@23a918c7]]>
              </value>
            </param>
          </params>
          <reporter-output>
          </reporter-output>
        </test-method> <!-- setUpClass -->
        <test-method signature="runScenario(io.cucumber.testng.PickleWrapper,io.cucumber.testng.FeatureWrapper)[pri:0, instance:appfeatureStep.AppRunnerClass@59309333]" started-at="2024-03-31T15:51:24 IST" name="runScenario" description="Runs Cucumber Scenarios" data-provider="scenarios" finished-at="2024-03-31T15:51:36 IST" duration-ms="11726" status="PASS">
          <params>
            <param index="0">
              <value>
                <![CDATA["Verfiy the title of page"]]>
              </value>
            </param>
            <param index="1">
              <value>
                <![CDATA["Home Page Functionality"]]>
              </value>
            </param>
          </params>
          <reporter-output>
          </reporter-output>
        </test-method> <!-- runScenario -->
        <test-method signature="runScenario(io.cucumber.testng.PickleWrapper,io.cucumber.testng.FeatureWrapper)[pri:0, instance:appfeatureStep.AppRunnerClass@59309333]" started-at="2024-03-31T15:51:36 IST" name="runScenario" description="Runs Cucumber Scenarios" data-provider="scenarios" finished-at="2024-03-31T15:51:43 IST" duration-ms="6975" status="PASS">
          <params>
            <param index="0">
              <value>
                <![CDATA["Verfiy the cart icon"]]>
              </value>
            </param>
            <param index="1">
              <value>
                <![CDATA["Home Page Functionality"]]>
              </value>
            </param>
          </params>
          <reporter-output>
          </reporter-output>
        </test-method> <!-- runScenario -->
        <test-method signature="runScenario(io.cucumber.testng.PickleWrapper,io.cucumber.testng.FeatureWrapper)[pri:0, instance:appfeatureStep.AppRunnerClass@59309333]" started-at="2024-03-31T15:51:43 IST" name="runScenario" description="Runs Cucumber Scenarios" data-provider="scenarios" finished-at="2024-03-31T15:51:58 IST" duration-ms="14485" status="PASS">
          <params>
            <param index="0">
              <value>
                <![CDATA["Verify the sign in page"]]>
              </value>
            </param>
            <param index="1">
              <value>
                <![CDATA["Home Page Functionality"]]>
              </value>
            </param>
          </params>
          <reporter-output>
          </reporter-output>
        </test-method> <!-- runScenario -->
        <test-method is-config="true" signature="tearDownClass()[pri:0, instance:appfeatureStep.AppRunnerClass@59309333]" started-at="2024-03-31T15:51:58 IST" name="tearDownClass" finished-at="2024-03-31T15:52:05 IST" duration-ms="7017" status="PASS">
          <reporter-output>
          </reporter-output>
        </test-method> <!-- tearDownClass -->
      </class> <!-- appfeatureStep.AppRunnerClass -->
    </test> <!-- Test -->
  </suite> <!-- Suite -->
</testng-results>
